<?xml version="1.0" encoding="UTF-8"?>
<testsuite xmlns:xsi="http://www.w3.org/2001/XMLSchema-instance" xsi:noNamespaceSchemaLocation="https://maven.apache.org/surefire/maven-surefire-plugin/xsd/surefire-test-report-3.0.xsd" version="3.0" name="com.example.cmd.CmdApplicationTests" time="9.596" tests="1" errors="0" skipped="0" failures="0">
  <properties>
[...]
</properties>
  <testcase name="contextLoads" classname="com.example.cmd.CmdApplicationTests" time="0.765">
    <system-out><![CDATA[04:16:10.780 [main] INFO org.springframework.test.context.support.AnnotationConfigContextLoaderUtils -- Could not detect default configuration classes for test class [com.example.cmd.CmdApplicationTests]: CmdApplicationTests does not declare any static, non-private, non-final, nested classes annotated with @Configuration.
04:16:10.912 [main] INFO org.springframework.boot.test.context.SpringBootTestContextBootstrapper -- Found @SpringBootConfiguration com.example.cmd.CmdApplication for test class com.example.cmd.CmdApplicationTests
04:16:11.130 [main] INFO org.springframework.boot.devtools.restart.RestartApplicationListener -- Restart disabled due to context in which it is running

  .   ____          _            __ _ _
 /\\ / ___'_ __ _ _(_)_ __  __ _ \ \ \ \
( ( )\___ | '_ | '_| | '_ \/ _` | \ \ \ \
 \\/  ___)| |_)| | | | | || (_| |  ) ) ) )
  '  |____| .__|_| |_|_| |_\__, | / / / /
 =========|_|==============|___/=/_/_/_/

 :: Spring Boot ::                (v3.3.1)

2024-07-21T04:16:11.467Z  INFO 14508 --- [cmd] [           main] com.example.cmd.CmdApplicationTests      : Starting CmdApplicationTests using Java 20.0.2 with PID 14508 (started by Administrateur in E:\CODE\CommandeEnLingeSpring-Angular-Samake)
2024-07-21T04:16:11.469Z  INFO 14508 --- [cmd] [           main] com.example.cmd.CmdApplicationTests      : No active profile set, falling back to 1 default profile: "default"
2024-07-21T04:16:12.829Z  INFO 14508 --- [cmd] [           main] .s.d.r.c.RepositoryConfigurationDelegate : Multiple Spring Data modules found, entering strict repository configuration mode
2024-07-21T04:16:12.831Z  INFO 14508 --- [cmd] [           main] .s.d.r.c.RepositoryConfigurationDelegate : Bootstrapping Spring Data JDBC repositories in DEFAULT mode.
2024-07-21T04:16:12.876Z  INFO 14508 --- [cmd] [           main] .RepositoryConfigurationExtensionSupport : Spring Data JDBC - Could not safely identify store assignment for repository candidate interface com.example.cmd.repository.ActionRepository; If you want this repository to be a JDBC repository, consider annotating your entities with one of these annotations: org.springframework.data.relational.core.mapping.Table.
2024-07-21T04:16:12.878Z  INFO 14508 --- [cmd] [           main] .RepositoryConfigurationExtensionSupport : Spring Data JDBC - Could not safely identify store assignment for repository candidate interface com.example.cmd.repository.CategoryRepository; If you want this repository to be a JDBC repository, consider annotating your entities with one of these annotations: org.springframework.data.relational.core.mapping.Table.
2024-07-21T04:16:12.883Z  INFO 14508 --- [cmd] [           main] .RepositoryConfigurationExtensionSupport : Spring Data JDBC - Could not safely identify store assignment for repository candidate interface com.example.cmd.repository.ClientRepository; If you want this repository to be a JDBC repository, consider annotating your entities with one of these annotations: org.springframework.data.relational.core.mapping.Table.
2024-07-21T04:16:12.884Z  INFO 14508 --- [cmd] [           main] .RepositoryConfigurationExtensionSupport : Spring Data JDBC - Could not safely identify store assignment for repository candidate interface com.example.cmd.repository.EmailRepository; If you want this repository to be a JDBC repository, consider annotating your entities with one of these annotations: org.springframework.data.relational.core.mapping.Table.
2024-07-21T04:16:12.886Z  INFO 14508 --- [cmd] [           main] .RepositoryConfigurationExtensionSupport : Spring Data JDBC - Could not safely identify store assignment for repository candidate interface com.example.cmd.repository.EntreeSortiRepository; If you want this repository to be a JDBC repository, consider annotating your entities with one of these annotations: org.springframework.data.relational.core.mapping.Table.
2024-07-21T04:16:12.888Z  INFO 14508 --- [cmd] [           main] .RepositoryConfigurationExtensionSupport : Spring Data JDBC - Could not safely identify store assignment for repository candidate interface com.example.cmd.repository.HistoriqueRepository; If you want this repository to be a JDBC repository, consider annotating your entities with one of these annotations: org.springframework.data.relational.core.mapping.Table.
2024-07-21T04:16:12.889Z  INFO 14508 --- [cmd] [           main] .RepositoryConfigurationExtensionSupport : Spring Data JDBC - Could not safely identify store assignment for repository candidate interface com.example.cmd.repository.ProduitRepository; If you want this repository to be a JDBC repository, consider annotating your entities with one of these annotations: org.springframework.data.relational.core.mapping.Table.
2024-07-21T04:16:12.891Z  INFO 14508 --- [cmd] [           main] .RepositoryConfigurationExtensionSupport : Spring Data JDBC - Could not safely identify store assignment for repository candidate interface com.example.cmd.repository.RoleRepository; If you want this repository to be a JDBC repository, consider annotating your entities with one of these annotations: org.springframework.data.relational.core.mapping.Table.
2024-07-21T04:16:12.893Z  INFO 14508 --- [cmd] [           main] .RepositoryConfigurationExtensionSupport : Spring Data JDBC - Could not safely identify store assignment for repository candidate interface com.example.cmd.repository.StockRepository; If you want this repository to be a JDBC repository, consider annotating your entities with one of these annotations: org.springframework.data.relational.core.mapping.Table.
2024-07-21T04:16:12.894Z  INFO 14508 --- [cmd] [           main] .RepositoryConfigurationExtensionSupport : Spring Data JDBC - Could not safely identify store assignment for repository candidate interface com.example.cmd.repository.UtilisateurRepository; If you want this repository to be a JDBC repository, consider annotating your entities with one of these annotations: org.springframework.data.relational.core.mapping.Table.
2024-07-21T04:16:12.895Z  INFO 14508 --- [cmd] [           main] .RepositoryConfigurationExtensionSupport : Spring Data JDBC - Could not safely identify store assignment for repository candidate interface com.example.cmd.repository.VarianteRepository; If you want this repository to be a JDBC repository, consider annotating your entities with one of these annotations: org.springframework.data.relational.core.mapping.Table.
2024-07-21T04:16:12.896Z  INFO 14508 --- [cmd] [           main] .s.d.r.c.RepositoryConfigurationDelegate : Finished Spring Data repository scanning in 58 ms. Found 0 JDBC repository interfaces.
2024-07-21T04:16:12.912Z  INFO 14508 --- [cmd] [           main] .s.d.r.c.RepositoryConfigurationDelegate : Multiple Spring Data modules found, entering strict repository configuration mode
2024-07-21T04:16:12.914Z  INFO 14508 --- [cmd] [           main] .s.d.r.c.RepositoryConfigurationDelegate : Bootstrapping Spring Data JPA repositories in DEFAULT mode.
2024-07-21T04:16:12.974Z  INFO 14508 --- [cmd] [           main] .s.d.r.c.RepositoryConfigurationDelegate : Finished Spring Data repository scanning in 56 ms. Found 11 JPA repository interfaces.
2024-07-21T04:16:13.651Z  INFO 14508 --- [cmd] [           main] o.hibernate.jpa.internal.util.LogHelper  : HHH000204: Processing PersistenceUnitInfo [name: default]
2024-07-21T04:16:13.717Z  INFO 14508 --- [cmd] [           main] org.hibernate.Version                    : HHH000412: Hibernate ORM core version 6.5.2.Final
2024-07-21T04:16:13.765Z  INFO 14508 --- [cmd] [           main] o.h.c.internal.RegionFactoryInitiator    : HHH000026: Second-level cache disabled
2024-07-21T04:16:14.239Z  INFO 14508 --- [cmd] [           main] o.s.o.j.p.SpringPersistenceUnitInfo      : No LoadTimeWeaver setup: ignoring JPA class transformer
2024-07-21T04:16:14.278Z  INFO 14508 --- [cmd] [           main] com.zaxxer.hikari.HikariDataSource       : HikariPool-1 - Starting...
2024-07-21T04:16:14.553Z  INFO 14508 --- [cmd] [           main] com.zaxxer.hikari.pool.HikariPool        : HikariPool-1 - Added connection com.mysql.cj.jdbc.ConnectionImpl@1f408ab6
2024-07-21T04:16:14.557Z  INFO 14508 --- [cmd] [           main] com.zaxxer.hikari.HikariDataSource       : HikariPool-1 - Start completed.
2024-07-21T04:16:14.621Z  WARN 14508 --- [cmd] [           main] org.hibernate.dialect.Dialect            : HHH000511: The 5.5.5 version for [org.hibernate.dialect.MySQLDialect] is no longer supported, hence certain features may not work properly. The minimum supported version is 8.0.0. Check the community dialects project for available legacy versions.
2024-07-21T04:16:14.628Z  WARN 14508 --- [cmd] [           main] org.hibernate.orm.deprecation            : HHH90000025: MySQLDialect does not need to be specified explicitly using 'hibernate.dialect' (remove the property setting and it will be selected by default)
2024-07-21T04:16:16.001Z  INFO 14508 --- [cmd] [           main] o.h.e.t.j.p.i.JtaPlatformInitiator       : HHH000489: No JTA platform available (set 'hibernate.transaction.jta.platform' to enable JTA platform integration)
Hibernate: alter table admin drop foreign key FKgodqjbbtwk30kf3s0xuxklkr3
Hibernate: alter table avis drop foreign key FKeqk4ukmfp39bo0u4wfiqlvtqr
Hibernate: alter table client drop foreign key FKod74ye6k4t6qnirp5a5a8bkm9
Hibernate: alter table entree_sorti drop foreign key FKqe7fnww3v0yd2k2nfj87jmwon
Hibernate: alter table historique drop foreign key FK1e6y3vyo15urtewj3w1f306qd
Hibernate: alter table historique drop foreign key FK9nxa1y757vlbg5dq9f9a51wam
Hibernate: alter table personnel drop foreign key FKi5m6p7mprc9ruin3i44vyayyu
Hibernate: alter table personnel drop foreign key FKlxb8unnahdna32m2i76n1kic7
Hibernate: alter table personnel drop foreign key FK6m2fs51r82o6thq0kgjvn5ipq
Hibernate: alter table produit drop foreign key FKswk2vxxukek30lxqoxyw3uimi
Hibernate: alter table produit drop foreign key FKlnqwudoupoxa77cg627xvjxbv
Hibernate: alter table stock drop foreign key FKogkymrny880dd1e498shm4w79
Hibernate: alter table utilisateur drop foreign key FKbip61js8540df12ykylhykr2q
Hibernate: alter table variante drop foreign key FKsg1juhcf68jt8uwnkj29e6ovr
Hibernate: drop table if exists action
Hibernate: drop table if exists admin
Hibernate: drop table if exists avis
Hibernate: drop table if exists category
Hibernate: drop table if exists client
Hibernate: drop table if exists email
Hibernate: drop table if exists entree_sorti
Hibernate: drop table if exists historique
Hibernate: drop table if exists personnel
Hibernate: drop table if exists produit
Hibernate: drop table if exists role_type
Hibernate: drop table if exists stock
Hibernate: drop table if exists utilisateur
Hibernate: drop table if exists variante
Hibernate: create table action (id bigint not null auto_increment, libelle varchar(255), primary key (id)) engine=InnoDB
Hibernate: create table admin (id bigint not null, primary key (id)) engine=InnoDB
Hibernate: create table avis (note integer not null, client_id bigint, id bigint not null auto_increment, commentaire varchar(255), primary key (id)) engine=InnoDB
Hibernate: create table category (id bigint not null auto_increment, name varchar(255), primary key (id)) engine=InnoDB
Hibernate: create table client (id bigint not null, adresse varchar(255), nom varchar(255), prenom varchar(255), telephone varchar(255), status enum ('ACTIVE','DESACTIVE'), primary key (id)) engine=InnoDB
Hibernate: create table email (id bigint not null auto_increment, corps varchar(255), titre varchar(255), primary key (id)) engine=InnoDB
Hibernate: create table entree_sorti (quantite integer not null, date datetime(6), id bigint not null auto_increment, produit_id bigint, libelle varchar(255), primary key (id)) engine=InnoDB
Hibernate: create table historique (_action_id bigint, _date datetime(6), _fait_par_id bigint, id bigint not null auto_increment, _description varchar(255), primary key (id)) engine=InnoDB
Hibernate: create table personnel (admin_id bigint, id bigint not null, role_id bigint, primary key (id)) engine=InnoDB
Hibernate: create table produit (date date, prix float(23), quantite integer not null, id bigint not null auto_increment, id_category bigint, id_utilisateur bigint, description varchar(255), primary key (id)) engine=InnoDB
Hibernate: create table role_type (id bigint not null auto_increment, nom varchar(255), primary key (id)) engine=InnoDB
Hibernate: create table stock (quantite integer not null, id bigint not null auto_increment, produit_id bigint, primary key (id)) engine=InnoDB
Hibernate: create table utilisateur (id bigint not null auto_increment, id_role bigint, email varchar(255), mot_de_passe varchar(255), username varchar(255), primary key (id)) engine=InnoDB
Hibernate: create table variante (prix float(23), quantite integer not null, id bigint not null auto_increment, produit_id bigint not null, couleur varchar(255), taille varchar(255), primary key (id)) engine=InnoDB
Hibernate: alter table admin add constraint FKgodqjbbtwk30kf3s0xuxklkr3 foreign key (id) references utilisateur (id)
Hibernate: alter table avis add constraint FKeqk4ukmfp39bo0u4wfiqlvtqr foreign key (client_id) references client (id)
Hibernate: alter table client add constraint FKod74ye6k4t6qnirp5a5a8bkm9 foreign key (id) references utilisateur (id)
Hibernate: alter table entree_sorti add constraint FKqe7fnww3v0yd2k2nfj87jmwon foreign key (produit_id) references produit (id)
Hibernate: alter table historique add constraint FK1e6y3vyo15urtewj3w1f306qd foreign key (_action_id) references action (id)
Hibernate: alter table historique add constraint FK9nxa1y757vlbg5dq9f9a51wam foreign key (_fait_par_id) references utilisateur (id)
Hibernate: alter table personnel add constraint FKi5m6p7mprc9ruin3i44vyayyu foreign key (admin_id) references admin (id)
Hibernate: alter table personnel add constraint FKlxb8unnahdna32m2i76n1kic7 foreign key (role_id) references role_type (id)
Hibernate: alter table personnel add constraint FK6m2fs51r82o6thq0kgjvn5ipq foreign key (id) references utilisateur (id)
Hibernate: alter table produit add constraint FKswk2vxxukek30lxqoxyw3uimi foreign key (id_category) references category (id)
Hibernate: alter table produit add constraint FKlnqwudoupoxa77cg627xvjxbv foreign key (id_utilisateur) references utilisateur (id)
Hibernate: alter table stock add constraint FKogkymrny880dd1e498shm4w79 foreign key (produit_id) references produit (id)
Hibernate: alter table utilisateur add constraint FKbip61js8540df12ykylhykr2q foreign key (id_role) references role_type (id)
Hibernate: alter table variante add constraint FKsg1juhcf68jt8uwnkj29e6ovr foreign key (produit_id) references produit (id)
2024-07-21T04:16:16.999Z  INFO 14508 --- [cmd] [           main] j.LocalContainerEntityManagerFactoryBean : Initialized JPA EntityManagerFactory for persistence unit 'default'
Hibernate: select a1_0.id,a1_0.libelle from action a1_0 where a1_0.libelle=?
Hibernate: select a1_0.id,a1_0.libelle from action a1_0 where a1_0.libelle=?
Hibernate: select a1_0.id,a1_0.libelle from action a1_0 where a1_0.libelle=?
Hibernate: insert into action (libelle) values (?)
Hibernate: insert into action (libelle) values (?)
Hibernate: insert into action (libelle) values (?)
Hibernate: select rt1_0.id,rt1_0.nom from role_type rt1_0 where rt1_0.nom=?
Hibernate: insert into role_type (nom) values (?)
Hibernate: select u1_0.id,case when u1_1.id is not null then 1 when u1_2.id is not null then 2 when u1_3.id is not null then 3 end,u1_0.email,u1_0.mot_de_passe,u1_0.id_role,u1_0.username,u1_2.adresse,u1_2.nom,u1_2.prenom,u1_2.status,u1_2.telephone,u1_3.admin_id,u1_3.role_id from utilisateur u1_0 left join admin u1_1 on u1_0.id=u1_1.id left join client u1_2 on u1_0.id=u1_2.id left join personnel u1_3 on u1_0.id=u1_3.id where u1_0.id_role=?
Hibernate: insert into utilisateur (email,mot_de_passe,id_role,username) values (?,?,?,?)
Hibernate: insert into admin (id) values (?)
Admin créé avec succès. ID: 1
2024-07-21T04:16:18.209Z  WARN 14508 --- [cmd] [           main] JpaBaseConfiguration$JpaWebConfiguration : spring.jpa.open-in-view is enabled by default. Therefore, database queries may be performed during view rendering. Explicitly configure spring.jpa.open-in-view to disable this warning
2024-07-21T04:16:18.239Z  INFO 14508 --- [cmd] [           main] r$InitializeUserDetailsManagerConfigurer : Global AuthenticationManager configured with UserDetailsService bean with name customUserDetailsService
2024-07-21T04:16:19.355Z  INFO 14508 --- [cmd] [           main] com.example.cmd.CmdApplicationTests      : Started CmdApplicationTests in 8.245 seconds (process running for 9.905)
]]></system-out>
  </testcase>
</testsuite>